<?xml version="1.0" encoding="UTF-8"?>
<!-- Generated by org.testng.reporters.JUnitXMLReporter -->
<testsuite hostname="DESKTOP-L28IVB5" ignored="0" name="Test" tests="8" failures="0" timestamp="2022-03-13T20:27:11 IST" time="29.908" errors="0">
  <testcase name="validateLoginFunctionality" time="5.493" classname="com.TestLayer.HomePageTest"/>
  <testcase name="validateHomePageTitle" time="0.019" classname="com.TestLayer.HomePageTest"/>
  <testcase name="validateHomePageurl" time="0.016" classname="com.TestLayer.HomePageTest"/>
  <testcase name="validateLogoFunctinality" time="0.122" classname="com.TestLayer.HomePageTest"/>
  <testcase name="validateAdminPageLink" time="2.288" classname="com.TestLayer.HomePageTest"/>
  <testcase name="validatePIMPageLink" time="2.088" classname="com.TestLayer.HomePageTest"/>
  <testcase name="validateLeavePageLink" time="2.557" classname="com.TestLayer.HomePageTest"/>
  <testcase name="validateLogoutLink" time="0.0" classname="com.TestLayer.HomePageTest"/>
</testsuite> <!-- Test -->
